12-Jan-2020 01:14:03.720 INFOS [main] org.apache.openejb.persistence.PersistenceBootstrap.getDefaultProvider Default JPA Provider changed to org.eclipse.persistence.jpa.PersistenceProvider specified by jar:file:/media/benjamin/2256F9B356F98835/Privé/Faculté/MIASHS_S3/JavaEE/NetBeansProjects%202.0/JEE-WS-Project/apache-tomee-plume-8.0.0/lib/openejb-core-eclipselink-8.0.0.jar!/META-INF/org.apache.openejb.persistence.PersistenceBootstrap.provider
12-Jan-2020 01:14:03.921 INFOS [main] sun.reflect.NativeMethodAccessorImpl.invoke Version du serveur:        Apache Tomcat (TomEE)/9.0.22 (8.0.0)
12-Jan-2020 01:14:03.921 INFOS [main] sun.reflect.NativeMethodAccessorImpl.invoke Serveur compilé:       Jul 4 2019 14:20:06 UTC
12-Jan-2020 01:14:03.921 INFOS [main] sun.reflect.NativeMethodAccessorImpl.invoke Version du serveur:      9.0.22.0
12-Jan-2020 01:14:03.921 INFOS [main] sun.reflect.NativeMethodAccessorImpl.invoke Nom de l'OS:           Linux
12-Jan-2020 01:14:03.921 INFOS [main] sun.reflect.NativeMethodAccessorImpl.invoke Version de l'OS:        4.15.0-74-generic
12-Jan-2020 01:14:03.921 INFOS [main] sun.reflect.NativeMethodAccessorImpl.invoke Architecture:          amd64
12-Jan-2020 01:14:03.921 INFOS [main] sun.reflect.NativeMethodAccessorImpl.invoke Répertoire de Java:     /usr/lib/jvm/java-8-openjdk-amd64/jre
12-Jan-2020 01:14:03.921 INFOS [main] sun.reflect.NativeMethodAccessorImpl.invoke Version de la JVM:           1.8.0_232-8u232-b09-0ubuntu1~16.04.1-b09
12-Jan-2020 01:14:03.921 INFOS [main] sun.reflect.NativeMethodAccessorImpl.invoke Fournisseur de la JVM:            Private Build
12-Jan-2020 01:14:03.922 INFOS [main] sun.reflect.NativeMethodAccessorImpl.invoke CATALINA_BASE:         /media/benjamin/2256F9B356F98835/Privé/Faculté/MIASHS_S3/JavaEE/NetBeansProjects 2.0/JEE-WS-Project/apache-tomee-plume-8.0.0
12-Jan-2020 01:14:03.922 INFOS [main] sun.reflect.NativeMethodAccessorImpl.invoke CATALINA_HOME:         /media/benjamin/2256F9B356F98835/Privé/Faculté/MIASHS_S3/JavaEE/NetBeansProjects 2.0/JEE-WS-Project/apache-tomee-plume-8.0.0
12-Jan-2020 01:14:03.922 INFOS [main] sun.reflect.NativeMethodAccessorImpl.invoke Argument de la ligne de commande: -Djava.util.logging.config.file=/media/benjamin/2256F9B356F98835/Privé/Faculté/MIASHS_S3/JavaEE/NetBeansProjects 2.0/JEE-WS-Project/apache-tomee-plume-8.0.0/conf/logging.properties
12-Jan-2020 01:14:03.922 INFOS [main] sun.reflect.NativeMethodAccessorImpl.invoke Argument de la ligne de commande: -Djava.util.logging.manager=org.apache.juli.ClassLoaderLogManager
12-Jan-2020 01:14:03.922 INFOS [main] sun.reflect.NativeMethodAccessorImpl.invoke Argument de la ligne de commande: -javaagent:/media/benjamin/2256F9B356F98835/Privé/Faculté/MIASHS_S3/JavaEE/NetBeansProjects 2.0/JEE-WS-Project/apache-tomee-plume-8.0.0/lib/openejb-javaagent.jar
12-Jan-2020 01:14:03.922 INFOS [main] sun.reflect.NativeMethodAccessorImpl.invoke Argument de la ligne de commande: -Dhttp.nonProxyHosts=localhost|127.0.0.1|benjamin-Sabre-15
12-Jan-2020 01:14:03.922 INFOS [main] sun.reflect.NativeMethodAccessorImpl.invoke Argument de la ligne de commande: -Djdk.tls.ephemeralDHKeySize=2048
12-Jan-2020 01:14:03.923 INFOS [main] sun.reflect.DelegatingMethodAccessorImpl.invoke Argument de la ligne de commande: -Djava.protocol.handler.pkgs=org.apache.catalina.webresources
12-Jan-2020 01:14:03.923 INFOS [main] sun.reflect.DelegatingMethodAccessorImpl.invoke Argument de la ligne de commande: -Dorg.apache.catalina.security.SecurityListener.UMASK=0027
12-Jan-2020 01:14:03.923 INFOS [main] sun.reflect.DelegatingMethodAccessorImpl.invoke Argument de la ligne de commande: -Dignore.endorsed.dirs=
12-Jan-2020 01:14:03.923 INFOS [main] sun.reflect.DelegatingMethodAccessorImpl.invoke Argument de la ligne de commande: -Dcatalina.base=/media/benjamin/2256F9B356F98835/Privé/Faculté/MIASHS_S3/JavaEE/NetBeansProjects 2.0/JEE-WS-Project/apache-tomee-plume-8.0.0
12-Jan-2020 01:14:03.923 INFOS [main] sun.reflect.DelegatingMethodAccessorImpl.invoke Argument de la ligne de commande: -Dcatalina.home=/media/benjamin/2256F9B356F98835/Privé/Faculté/MIASHS_S3/JavaEE/NetBeansProjects 2.0/JEE-WS-Project/apache-tomee-plume-8.0.0
12-Jan-2020 01:14:03.923 INFOS [main] sun.reflect.DelegatingMethodAccessorImpl.invoke Argument de la ligne de commande: -Djava.io.tmpdir=/media/benjamin/2256F9B356F98835/Privé/Faculté/MIASHS_S3/JavaEE/NetBeansProjects 2.0/JEE-WS-Project/apache-tomee-plume-8.0.0/temp
12-Jan-2020 01:14:03.923 INFOS [main] sun.reflect.DelegatingMethodAccessorImpl.invoke La librairie Apache Tomcat Native basée sur APR qui permet des performances optimales dans les environnements de production n'a pas été trouvée sur le java.library.path: [/usr/lib/jvm/java-8-openjdk-amd64/jre/lib/amd64:/usr/lib/jvm/java-8-openjdk-amd64/jre/lib/i386::/usr/java/packages/lib/amd64:/usr/lib/x86_64-linux-gnu/jni:/lib/x86_64-linux-gnu:/usr/lib/x86_64-linux-gnu:/usr/lib/jni:/lib:/usr/lib]
12-Jan-2020 01:14:04.374 INFOS [main] sun.reflect.DelegatingMethodAccessorImpl.invoke Initialisation du gestionnaire de protocole ["http-nio-8080"]
12-Jan-2020 01:14:04.392 INFOS [main] sun.reflect.DelegatingMethodAccessorImpl.invoke Initialisation du gestionnaire de protocole ["ajp-nio-8009"]
12-Jan-2020 01:14:04.601 INFOS [main] org.apache.openejb.util.OptionsLog.info Using 'openejb.jdbc.datasource-creator=org.apache.tomee.jdbc.TomEEDataSourceCreator'
12-Jan-2020 01:14:04.688 INFOS [main] org.apache.openejb.OpenEJB$Instance.<init> ********************************************************************************
12-Jan-2020 01:14:04.688 INFOS [main] org.apache.openejb.OpenEJB$Instance.<init> OpenEJB http://tomee.apache.org/
12-Jan-2020 01:14:04.688 INFOS [main] org.apache.openejb.OpenEJB$Instance.<init> Startup: Sun Jan 12 01:14:04 CET 2020
12-Jan-2020 01:14:04.688 INFOS [main] org.apache.openejb.OpenEJB$Instance.<init> Copyright 1999-2018 (C) Apache OpenEJB Project, All Rights Reserved.
12-Jan-2020 01:14:04.688 INFOS [main] org.apache.openejb.OpenEJB$Instance.<init> Version: 8.0.0
12-Jan-2020 01:14:04.688 INFOS [main] org.apache.openejb.OpenEJB$Instance.<init> Build date: 20190913
12-Jan-2020 01:14:04.688 INFOS [main] org.apache.openejb.OpenEJB$Instance.<init> Build time: 12:20
12-Jan-2020 01:14:04.688 INFOS [main] org.apache.openejb.OpenEJB$Instance.<init> ********************************************************************************
12-Jan-2020 01:14:04.689 INFOS [main] org.apache.openejb.OpenEJB$Instance.<init> openejb.home = /media/benjamin/2256F9B356F98835/Privé/Faculté/MIASHS_S3/JavaEE/NetBeansProjects 2.0/JEE-WS-Project/apache-tomee-plume-8.0.0
12-Jan-2020 01:14:04.689 INFOS [main] org.apache.openejb.OpenEJB$Instance.<init> openejb.base = /media/benjamin/2256F9B356F98835/Privé/Faculté/MIASHS_S3/JavaEE/NetBeansProjects 2.0/JEE-WS-Project/apache-tomee-plume-8.0.0
12-Jan-2020 01:14:04.692 INFOS [main] org.apache.openejb.cdi.CdiBuilder.initializeOWB Created new singletonService org.apache.openejb.cdi.ThreadSingletonServiceImpl@4ac3c60d
12-Jan-2020 01:14:04.694 INFOS [main] org.apache.openejb.cdi.CdiBuilder.initializeOWB Succeeded in installing singleton service
12-Jan-2020 01:14:04.724 INFOS [main] org.apache.openejb.config.ConfigurationFactory.init TomEE configuration file is '/media/benjamin/2256F9B356F98835/Privé/Faculté/MIASHS_S3/JavaEE/NetBeansProjects 2.0/JEE-WS-Project/apache-tomee-plume-8.0.0/conf/tomee.xml'
12-Jan-2020 01:14:04.756 INFOS [main] org.apache.openejb.config.ConfigurationFactory.configureService Configuring Service(id=Tomcat Security Service, type=SecurityService, provider-id=Tomcat Security Service)
12-Jan-2020 01:14:04.757 INFOS [main] org.apache.openejb.config.ConfigurationFactory.configureService Configuring Service(id=Default Transaction Manager, type=TransactionManager, provider-id=Default Transaction Manager)
12-Jan-2020 01:14:04.759 INFOS [main] org.apache.openejb.util.OptionsLog.info Using 'openejb.deployments.classpath=false'
12-Jan-2020 01:14:04.765 INFOS [main] org.apache.openejb.assembler.classic.Assembler.createRecipe Creating TransactionManager(id=Default Transaction Manager)
12-Jan-2020 01:14:04.819 INFOS [main] org.apache.openejb.assembler.classic.Assembler.createRecipe Creating SecurityService(id=Tomcat Security Service)
12-Jan-2020 01:14:04.876 INFOS [main] org.apache.openejb.server.ServiceManager.initServer Creating ServerService(id=cxf)
12-Jan-2020 01:14:05.042 INFOS [main] org.apache.openejb.server.ServiceManager.initServer Creating ServerService(id=cxf-rs)
12-Jan-2020 01:14:05.106 INFOS [main] org.apache.openejb.server.SimpleServiceManager.start   ** Bound Services **
12-Jan-2020 01:14:05.106 INFOS [main] org.apache.openejb.server.SimpleServiceManager.printRow   NAME                 IP              PORT  
12-Jan-2020 01:14:05.106 INFOS [main] org.apache.openejb.server.SimpleServiceManager.start -------
12-Jan-2020 01:14:05.106 INFOS [main] org.apache.openejb.server.SimpleServiceManager.start Ready!
12-Jan-2020 01:14:05.107 INFOS [main] sun.reflect.DelegatingMethodAccessorImpl.invoke L'initialisation du serveur a pris [1 363] millisecondes
12-Jan-2020 01:14:05.132 INFOS [main] org.apache.tomee.catalina.OpenEJBNamingContextListener.bindResource Importing a Tomcat Resource with id 'UserDatabase' of type 'org.apache.catalina.UserDatabase'.
12-Jan-2020 01:14:05.133 INFOS [main] org.apache.openejb.assembler.classic.Assembler.createRecipe Creating Resource(id=UserDatabase)
12-Jan-2020 01:14:05.144 INFOS [main] sun.reflect.DelegatingMethodAccessorImpl.invoke Démarrage du service [Catalina]
12-Jan-2020 01:14:05.144 INFOS [main] sun.reflect.DelegatingMethodAccessorImpl.invoke Démarrage du moteur de Servlets: [Apache Tomcat (TomEE)/9.0.22 (8.0.0)]
12-Jan-2020 01:14:05.158 INFOS [main] sun.reflect.DelegatingMethodAccessorImpl.invoke Déploiement du répertoire d'application web [/media/benjamin/2256F9B356F98835/Privé/Faculté/MIASHS_S3/JavaEE/NetBeansProjects 2.0/JEE-WS-Project/apache-tomee-plume-8.0.0/webapps/docs]
12-Jan-2020 01:14:05.170 INFOS [main] org.apache.tomee.catalina.TomcatWebAppBuilder.init ------------------------- localhost -> /docs
12-Jan-2020 01:14:05.407 INFOS [main] org.apache.openejb.config.ConfigurationFactory.configureApplication Configuring enterprise application: /media/benjamin/2256F9B356F98835/Privé/Faculté/MIASHS_S3/JavaEE/NetBeansProjects 2.0/JEE-WS-Project/apache-tomee-plume-8.0.0/webapps/docs
12-Jan-2020 01:14:05.487 INFOS [main] org.apache.openejb.config.AppInfoBuilder.build Enterprise application "/media/benjamin/2256F9B356F98835/Privé/Faculté/MIASHS_S3/JavaEE/NetBeansProjects 2.0/JEE-WS-Project/apache-tomee-plume-8.0.0/webapps/docs" loaded.
12-Jan-2020 01:14:05.493 INFOS [main] org.apache.openejb.assembler.classic.Assembler.createApplication Assembling app: /media/benjamin/2256F9B356F98835/Privé/Faculté/MIASHS_S3/JavaEE/NetBeansProjects 2.0/JEE-WS-Project/apache-tomee-plume-8.0.0/webapps/docs
12-Jan-2020 01:14:05.675 INFOS [main] org.apache.openejb.assembler.classic.Assembler.createApplication Deployed Application(path=/media/benjamin/2256F9B356F98835/Privé/Faculté/MIASHS_S3/JavaEE/NetBeansProjects 2.0/JEE-WS-Project/apache-tomee-plume-8.0.0/webapps/docs)
12-Jan-2020 01:14:05.952 INFOS [main] org.apache.jasper.servlet.TldScanner.scanJars Au moins un fichier JAR a été analysé pour trouver des TLDs mais il n'en contenait pas, le mode "debug" du journal peut être activé pour obtenir une liste complète de JAR scannés sans succès; éviter d'analyser des JARs inutilement peut améliorer sensiblement le temps de démarrage et le temps de compilation des JSPs
12-Jan-2020 01:14:06.108 INFOS [main] sun.reflect.DelegatingMethodAccessorImpl.invoke Le déploiement du répertoire [/media/benjamin/2256F9B356F98835/Privé/Faculté/MIASHS_S3/JavaEE/NetBeansProjects 2.0/JEE-WS-Project/apache-tomee-plume-8.0.0/webapps/docs] de l'application web s'est terminé en [950] ms
12-Jan-2020 01:14:06.108 INFOS [main] sun.reflect.DelegatingMethodAccessorImpl.invoke Déploiement du répertoire d'application web [/media/benjamin/2256F9B356F98835/Privé/Faculté/MIASHS_S3/JavaEE/NetBeansProjects 2.0/JEE-WS-Project/apache-tomee-plume-8.0.0/webapps/host-manager]
12-Jan-2020 01:14:06.110 INFOS [main] org.apache.tomee.catalina.TomcatWebAppBuilder.init ------------------------- localhost -> /host-manager
12-Jan-2020 01:14:06.173 INFOS [main] org.apache.openejb.config.ConfigurationFactory.configureApplication Configuring enterprise application: /media/benjamin/2256F9B356F98835/Privé/Faculté/MIASHS_S3/JavaEE/NetBeansProjects 2.0/JEE-WS-Project/apache-tomee-plume-8.0.0/webapps/host-manager
12-Jan-2020 01:14:06.180 INFOS [main] org.apache.openejb.config.AppInfoBuilder.build Enterprise application "/media/benjamin/2256F9B356F98835/Privé/Faculté/MIASHS_S3/JavaEE/NetBeansProjects 2.0/JEE-WS-Project/apache-tomee-plume-8.0.0/webapps/host-manager" loaded.
12-Jan-2020 01:14:06.181 INFOS [main] org.apache.openejb.assembler.classic.Assembler.createApplication Assembling app: /media/benjamin/2256F9B356F98835/Privé/Faculté/MIASHS_S3/JavaEE/NetBeansProjects 2.0/JEE-WS-Project/apache-tomee-plume-8.0.0/webapps/host-manager
12-Jan-2020 01:14:06.199 INFOS [main] org.apache.tomee.catalina.TomcatWebAppBuilder.deployWebApps using context file /media/benjamin/2256F9B356F98835/Privé/Faculté/MIASHS_S3/JavaEE/NetBeansProjects 2.0/JEE-WS-Project/apache-tomee-plume-8.0.0/webapps/host-manager/META-INF/context.xml
12-Jan-2020 01:14:06.199 INFOS [main] org.apache.openejb.assembler.classic.Assembler.createApplication Deployed Application(path=/media/benjamin/2256F9B356F98835/Privé/Faculté/MIASHS_S3/JavaEE/NetBeansProjects 2.0/JEE-WS-Project/apache-tomee-plume-8.0.0/webapps/host-manager)
12-Jan-2020 01:14:06.307 INFOS [main] org.apache.jasper.servlet.TldScanner.scanJars Au moins un fichier JAR a été analysé pour trouver des TLDs mais il n'en contenait pas, le mode "debug" du journal peut être activé pour obtenir une liste complète de JAR scannés sans succès; éviter d'analyser des JARs inutilement peut améliorer sensiblement le temps de démarrage et le temps de compilation des JSPs
12-Jan-2020 01:14:06.354 INFOS [main] sun.reflect.DelegatingMethodAccessorImpl.invoke Le déploiement du répertoire [/media/benjamin/2256F9B356F98835/Privé/Faculté/MIASHS_S3/JavaEE/NetBeansProjects 2.0/JEE-WS-Project/apache-tomee-plume-8.0.0/webapps/host-manager] de l'application web s'est terminé en [246] ms
12-Jan-2020 01:14:06.354 INFOS [main] sun.reflect.DelegatingMethodAccessorImpl.invoke Déploiement du répertoire d'application web [/media/benjamin/2256F9B356F98835/Privé/Faculté/MIASHS_S3/JavaEE/NetBeansProjects 2.0/JEE-WS-Project/apache-tomee-plume-8.0.0/webapps/manager]
12-Jan-2020 01:14:06.356 INFOS [main] org.apache.tomee.catalina.TomcatWebAppBuilder.init ------------------------- localhost -> /manager
12-Jan-2020 01:14:06.422 INFOS [main] org.apache.openejb.config.ConfigurationFactory.configureApplication Configuring enterprise application: /media/benjamin/2256F9B356F98835/Privé/Faculté/MIASHS_S3/JavaEE/NetBeansProjects 2.0/JEE-WS-Project/apache-tomee-plume-8.0.0/webapps/manager
12-Jan-2020 01:14:06.432 INFOS [main] org.apache.openejb.config.AppInfoBuilder.build Enterprise application "/media/benjamin/2256F9B356F98835/Privé/Faculté/MIASHS_S3/JavaEE/NetBeansProjects 2.0/JEE-WS-Project/apache-tomee-plume-8.0.0/webapps/manager" loaded.
12-Jan-2020 01:14:06.433 INFOS [main] org.apache.openejb.assembler.classic.Assembler.createApplication Assembling app: /media/benjamin/2256F9B356F98835/Privé/Faculté/MIASHS_S3/JavaEE/NetBeansProjects 2.0/JEE-WS-Project/apache-tomee-plume-8.0.0/webapps/manager
12-Jan-2020 01:14:06.453 INFOS [main] org.apache.tomee.catalina.TomcatWebAppBuilder.deployWebApps using context file /media/benjamin/2256F9B356F98835/Privé/Faculté/MIASHS_S3/JavaEE/NetBeansProjects 2.0/JEE-WS-Project/apache-tomee-plume-8.0.0/webapps/manager/META-INF/context.xml
12-Jan-2020 01:14:06.453 INFOS [main] org.apache.openejb.assembler.classic.Assembler.createApplication Deployed Application(path=/media/benjamin/2256F9B356F98835/Privé/Faculté/MIASHS_S3/JavaEE/NetBeansProjects 2.0/JEE-WS-Project/apache-tomee-plume-8.0.0/webapps/manager)
12-Jan-2020 01:14:06.552 INFOS [main] org.apache.jasper.servlet.TldScanner.scanJars Au moins un fichier JAR a été analysé pour trouver des TLDs mais il n'en contenait pas, le mode "debug" du journal peut être activé pour obtenir une liste complète de JAR scannés sans succès; éviter d'analyser des JARs inutilement peut améliorer sensiblement le temps de démarrage et le temps de compilation des JSPs
12-Jan-2020 01:14:06.586 INFOS [main] sun.reflect.DelegatingMethodAccessorImpl.invoke Le déploiement du répertoire [/media/benjamin/2256F9B356F98835/Privé/Faculté/MIASHS_S3/JavaEE/NetBeansProjects 2.0/JEE-WS-Project/apache-tomee-plume-8.0.0/webapps/manager] de l'application web s'est terminé en [232] ms
12-Jan-2020 01:14:06.586 INFOS [main] sun.reflect.DelegatingMethodAccessorImpl.invoke Déploiement du répertoire d'application web [/media/benjamin/2256F9B356F98835/Privé/Faculté/MIASHS_S3/JavaEE/NetBeansProjects 2.0/JEE-WS-Project/apache-tomee-plume-8.0.0/webapps/ROOT]
12-Jan-2020 01:14:06.587 INFOS [main] org.apache.tomee.catalina.TomcatWebAppBuilder.init ------------------------- localhost -> /
12-Jan-2020 01:14:06.635 INFOS [main] org.apache.openejb.config.ConfigurationFactory.configureApplication Configuring enterprise application: /media/benjamin/2256F9B356F98835/Privé/Faculté/MIASHS_S3/JavaEE/NetBeansProjects 2.0/JEE-WS-Project/apache-tomee-plume-8.0.0/webapps/ROOT
12-Jan-2020 01:14:06.641 INFOS [main] org.apache.openejb.config.AppInfoBuilder.build Enterprise application "/media/benjamin/2256F9B356F98835/Privé/Faculté/MIASHS_S3/JavaEE/NetBeansProjects 2.0/JEE-WS-Project/apache-tomee-plume-8.0.0/webapps/ROOT" loaded.
12-Jan-2020 01:14:06.642 INFOS [main] org.apache.openejb.assembler.classic.Assembler.createApplication Assembling app: /media/benjamin/2256F9B356F98835/Privé/Faculté/MIASHS_S3/JavaEE/NetBeansProjects 2.0/JEE-WS-Project/apache-tomee-plume-8.0.0/webapps/ROOT
12-Jan-2020 01:14:06.658 INFOS [main] org.apache.openejb.assembler.classic.Assembler.createApplication Deployed Application(path=/media/benjamin/2256F9B356F98835/Privé/Faculté/MIASHS_S3/JavaEE/NetBeansProjects 2.0/JEE-WS-Project/apache-tomee-plume-8.0.0/webapps/ROOT)
12-Jan-2020 01:14:06.764 INFOS [main] org.apache.jasper.servlet.TldScanner.scanJars Au moins un fichier JAR a été analysé pour trouver des TLDs mais il n'en contenait pas, le mode "debug" du journal peut être activé pour obtenir une liste complète de JAR scannés sans succès; éviter d'analyser des JARs inutilement peut améliorer sensiblement le temps de démarrage et le temps de compilation des JSPs
12-Jan-2020 01:14:06.790 INFOS [main] sun.reflect.DelegatingMethodAccessorImpl.invoke Le déploiement du répertoire [/media/benjamin/2256F9B356F98835/Privé/Faculté/MIASHS_S3/JavaEE/NetBeansProjects 2.0/JEE-WS-Project/apache-tomee-plume-8.0.0/webapps/ROOT] de l'application web s'est terminé en [204] ms
12-Jan-2020 01:14:06.793 INFOS [main] sun.reflect.DelegatingMethodAccessorImpl.invoke Démarrage du gestionnaire de protocole ["http-nio-8080"]
12-Jan-2020 01:14:06.800 INFOS [main] sun.reflect.DelegatingMethodAccessorImpl.invoke Démarrage du gestionnaire de protocole ["ajp-nio-8009"]
12-Jan-2020 01:14:06.807 INFOS [main] sun.reflect.DelegatingMethodAccessorImpl.invoke Le démarrage du serveur a pris [1 700] millisecondes
12-Jan-2020 01:14:06.920 INFOS [http-nio-8080-exec-7] sun.reflect.DelegatingMethodAccessorImpl.invoke Déploiement du descripteur de configuration [/media/benjamin/2256F9B356F98835/Privé/Faculté/MIASHS_S3/JavaEE/NetBeansProjects 2.0/JEE-WS-Project/apache-tomee-plume-8.0.0/conf/Catalina/localhost/SempicJPA.xml]
12-Jan-2020 01:14:06.920 AVERTISSEMENT [http-nio-8080-exec-7] sun.reflect.NativeMethodAccessorImpl.invoke L'attribut path avec la valeur [/SempicJPA] dans le descripteur de déploiement [/media/benjamin/2256F9B356F98835/Privé/Faculté/MIASHS_S3/JavaEE/NetBeansProjects 2.0/JEE-WS-Project/apache-tomee-plume-8.0.0/conf/Catalina/localhost/SempicJPA.xml] a été ignoré
12-Jan-2020 01:14:06.922 INFOS [http-nio-8080-exec-7] org.apache.tomee.catalina.TomcatWebAppBuilder.init ------------------------- localhost -> /SempicJPA
12-Jan-2020 01:14:08.265 INFOS [http-nio-8080-exec-7] org.apache.openejb.config.ConfigurationFactory.configureApplication Configuring enterprise application: /media/benjamin/2256F9B356F98835/Privé/Faculté/MIASHS_S3/JavaEE/NetBeansProjects 2.0/JEE-WS-Project/SempicAuth/target/SempicJPA-1.1
12-Jan-2020 01:14:10.123 AVERTISSEMENT [http-nio-8080-exec-7] fr.uga.miashs.sempic.restservice.RestApplication.getClasses org.glassfish.jersey.moxy.json.MoxyJsonFeature not available
12-Jan-2020 01:14:10.458 AVERTISSEMENT [http-nio-8080-exec-7] fr.uga.miashs.sempic.restservice.RestApplication.getClasses org.glassfish.jersey.moxy.json.MoxyJsonFeature not available
12-Jan-2020 01:14:10.469 INFOS [http-nio-8080-exec-7] org.apache.openejb.config.InitEjbDeployments.deploy Auto-deploying ejb ApplicationConfig: EjbDeployment(deployment-id=ApplicationConfig)
12-Jan-2020 01:14:10.469 INFOS [http-nio-8080-exec-7] org.apache.openejb.config.InitEjbDeployments.deploy Auto-deploying ejb GroupFacade: EjbDeployment(deployment-id=GroupFacade)
12-Jan-2020 01:14:10.469 INFOS [http-nio-8080-exec-7] org.apache.openejb.config.InitEjbDeployments.deploy Auto-deploying ejb RDFStore: EjbDeployment(deployment-id=RDFStore)
12-Jan-2020 01:14:10.469 INFOS [http-nio-8080-exec-7] org.apache.openejb.config.InitEjbDeployments.deploy Auto-deploying ejb SempicUserFacade: EjbDeployment(deployment-id=SempicUserFacade)
12-Jan-2020 01:14:10.472 INFOS [http-nio-8080-exec-7] org.apache.openejb.config.ConfigurationFactory.configureService Configuring Service(id=SempicJPA-1.1/app/sempicdb, type=Resource, provider-id=Default JDBC Database)
12-Jan-2020 01:14:10.473 INFOS [http-nio-8080-exec-7] org.apache.openejb.assembler.classic.Assembler.createRecipe Creating Resource(id=SempicJPA-1.1/app/sempicdb)
12-Jan-2020 01:14:11.585 AVERTISSEMENT [http-nio-8080-exec-7] org.apache.openejb.assembler.classic.Assembler.unusedProperty unused property 'user' for resource 'SempicJPA-1.1/app/sempicdb'
12-Jan-2020 01:14:11.586 INFOS [http-nio-8080-exec-7] org.apache.openejb.config.ConfigurationFactory.configureService Configuring Service(id=Default Singleton Container, type=Container, provider-id=Default Singleton Container)
12-Jan-2020 01:14:11.587 INFOS [http-nio-8080-exec-7] org.apache.openejb.config.AutoConfig.createContainer Auto-creating a container for bean ApplicationConfig: Container(type=SINGLETON, id=Default Singleton Container)
12-Jan-2020 01:14:11.587 INFOS [http-nio-8080-exec-7] org.apache.openejb.assembler.classic.Assembler.createRecipe Creating Container(id=Default Singleton Container)
12-Jan-2020 01:14:11.598 INFOS [http-nio-8080-exec-7] org.apache.openejb.config.AutoConfig.processResourceRef Auto-linking resource-ref 'java:app/sempicdb' in bean ApplicationConfig to Resource(id=SempicJPA-1.1/app/sempicdb)
12-Jan-2020 01:14:11.599 INFOS [http-nio-8080-exec-7] org.apache.openejb.config.AutoConfig.processResourceRef Auto-linking resource-ref 'openejb/Resource/app/sempicdb' in bean ApplicationConfig to Resource(id=SempicJPA-1.1/app/sempicdb)
12-Jan-2020 01:14:11.599 INFOS [http-nio-8080-exec-7] org.apache.openejb.config.ConfigurationFactory.configureService Configuring Service(id=Default Stateless Container, type=Container, provider-id=Default Stateless Container)
12-Jan-2020 01:14:11.599 INFOS [http-nio-8080-exec-7] org.apache.openejb.config.AutoConfig.createContainer Auto-creating a container for bean GroupFacade: Container(type=STATELESS, id=Default Stateless Container)
12-Jan-2020 01:14:11.600 INFOS [http-nio-8080-exec-7] org.apache.openejb.assembler.classic.Assembler.createRecipe Creating Container(id=Default Stateless Container)
12-Jan-2020 01:14:11.605 INFOS [http-nio-8080-exec-7] org.apache.openejb.config.AutoConfig.processResourceRef Auto-linking resource-ref 'java:app/sempicdb' in bean GroupFacade to Resource(id=SempicJPA-1.1/app/sempicdb)
12-Jan-2020 01:14:11.605 INFOS [http-nio-8080-exec-7] org.apache.openejb.config.AutoConfig.processResourceRef Auto-linking resource-ref 'openejb/Resource/app/sempicdb' in bean GroupFacade to Resource(id=SempicJPA-1.1/app/sempicdb)
12-Jan-2020 01:14:11.606 INFOS [http-nio-8080-exec-7] org.apache.openejb.config.AutoConfig.processResourceRef Auto-linking resource-ref 'java:app/sempicdb' in bean RDFStore to Resource(id=SempicJPA-1.1/app/sempicdb)
12-Jan-2020 01:14:11.606 INFOS [http-nio-8080-exec-7] org.apache.openejb.config.AutoConfig.processResourceRef Auto-linking resource-ref 'openejb/Resource/app/sempicdb' in bean RDFStore to Resource(id=SempicJPA-1.1/app/sempicdb)
12-Jan-2020 01:14:11.606 INFOS [http-nio-8080-exec-7] org.apache.openejb.config.AutoConfig.processResourceRef Auto-linking resource-ref 'java:app/sempicdb' in bean SempicUserFacade to Resource(id=SempicJPA-1.1/app/sempicdb)
12-Jan-2020 01:14:11.607 INFOS [http-nio-8080-exec-7] org.apache.openejb.config.AutoConfig.processResourceRef Auto-linking resource-ref 'openejb/Resource/app/sempicdb' in bean SempicUserFacade to Resource(id=SempicJPA-1.1/app/sempicdb)
12-Jan-2020 01:14:11.607 INFOS [http-nio-8080-exec-7] org.apache.openejb.config.ConfigurationFactory.configureService Configuring Service(id=Default Managed Container, type=Container, provider-id=Default Managed Container)
12-Jan-2020 01:14:11.607 INFOS [http-nio-8080-exec-7] org.apache.openejb.config.AutoConfig.createContainer Auto-creating a container for bean SempicJPA.Comp129158788: Container(type=MANAGED, id=Default Managed Container)
12-Jan-2020 01:14:11.607 INFOS [http-nio-8080-exec-7] org.apache.openejb.assembler.classic.Assembler.createRecipe Creating Container(id=Default Managed Container)
12-Jan-2020 01:14:11.613 INFOS [http-nio-8080-exec-7] org.apache.openejb.core.managed.SimplePassivater.init Using directory /media/benjamin/2256F9B356F98835/Privé/Faculté/MIASHS_S3/JavaEE/NetBeansProjects 2.0/JEE-WS-Project/apache-tomee-plume-8.0.0/temp for stateful session passivation
12-Jan-2020 01:14:11.615 INFOS [http-nio-8080-exec-7] org.apache.openejb.config.AutoConfig.processResourceRef Auto-linking resource-ref 'java:app/sempicdb' in bean SempicJPA.Comp129158788 to Resource(id=SempicJPA-1.1/app/sempicdb)
12-Jan-2020 01:14:11.616 INFOS [http-nio-8080-exec-7] org.apache.openejb.config.AutoConfig.processResourceRef Auto-linking resource-ref 'openejb/Resource/app/sempicdb' in bean SempicJPA.Comp129158788 to Resource(id=SempicJPA-1.1/app/sempicdb)
12-Jan-2020 01:14:11.616 INFOS [http-nio-8080-exec-7] org.apache.openejb.config.AutoConfig.deploy Configuring PersistenceUnit(name=SempicPU, provider=org.hibernate.jpa.HibernatePersistenceProvider)
12-Jan-2020 01:14:11.616 INFOS [http-nio-8080-exec-7] org.apache.openejb.config.AutoConfig.logAutoCreateResource Auto-creating a Resource with id 'SempicJPA-1.1/app/sempicdbNonJta' of type 'DataSource for 'SempicPU'.
12-Jan-2020 01:14:11.617 INFOS [http-nio-8080-exec-7] org.apache.openejb.config.AutoConfig.deploy Configuring Service(id=SempicJPA-1.1/app/sempicdbNonJta, type=Resource, provider-id=SempicJPA-1.1/app/sempicdb)
12-Jan-2020 01:14:11.617 INFOS [http-nio-8080-exec-7] org.apache.openejb.assembler.classic.Assembler.createRecipe Creating Resource(id=SempicJPA-1.1/app/sempicdbNonJta)
12-Jan-2020 01:14:11.693 INFOS [http-nio-8080-exec-7] org.apache.openejb.config.AutoConfig.setJtaDataSource Adjusting PersistenceUnit SempicPU <jta-data-source> to Resource ID 'SempicJPA-1.1/app/sempicdb' from 'app/sempicdb'
12-Jan-2020 01:14:11.693 INFOS [http-nio-8080-exec-7] org.apache.openejb.config.AutoConfig.setNonJtaDataSource Adjusting PersistenceUnit SempicPU <non-jta-data-source> to Resource ID 'SempicJPA-1.1/app/sempicdbNonJta' from 'null'
12-Jan-2020 01:14:11.775 INFOS [http-nio-8080-exec-7] org.apache.openejb.config.AppInfoBuilder.build Enterprise application "/media/benjamin/2256F9B356F98835/Privé/Faculté/MIASHS_S3/JavaEE/NetBeansProjects 2.0/JEE-WS-Project/SempicAuth/target/SempicJPA-1.1" loaded.
12-Jan-2020 01:14:11.776 INFOS [http-nio-8080-exec-7] org.apache.openejb.assembler.classic.Assembler.createApplication Assembling app: /media/benjamin/2256F9B356F98835/Privé/Faculté/MIASHS_S3/JavaEE/NetBeansProjects 2.0/JEE-WS-Project/SempicAuth/target/SempicJPA-1.1
12-Jan-2020 01:14:12.013 INFOS [http-nio-8080-exec-7] org.apache.openejb.assembler.classic.JndiBuilder.bind Jndi(name=ApplicationConfigLocalBean) --> Ejb(deployment-id=ApplicationConfig)
12-Jan-2020 01:14:12.013 INFOS [http-nio-8080-exec-7] org.apache.openejb.assembler.classic.JndiBuilder.bind Jndi(name=global/SempicJPA/ApplicationConfig!fr.uga.miashs.sempic.ApplicationConfig) --> Ejb(deployment-id=ApplicationConfig)
12-Jan-2020 01:14:12.014 INFOS [http-nio-8080-exec-7] org.apache.openejb.assembler.classic.JndiBuilder.bind Jndi(name=global/SempicJPA/ApplicationConfig) --> Ejb(deployment-id=ApplicationConfig)
12-Jan-2020 01:14:12.014 INFOS [http-nio-8080-exec-7] org.apache.openejb.assembler.classic.JndiBuilder.bind Jndi(name=GroupFacadeLocalBean) --> Ejb(deployment-id=GroupFacade)
12-Jan-2020 01:14:12.014 INFOS [http-nio-8080-exec-7] org.apache.openejb.assembler.classic.JndiBuilder.bind Jndi(name=global/SempicJPA/GroupFacade!fr.uga.miashs.sempic.dao.GroupFacade) --> Ejb(deployment-id=GroupFacade)
12-Jan-2020 01:14:12.015 INFOS [http-nio-8080-exec-7] org.apache.openejb.assembler.classic.JndiBuilder.bind Jndi(name=global/SempicJPA/GroupFacade) --> Ejb(deployment-id=GroupFacade)
12-Jan-2020 01:14:12.015 INFOS [http-nio-8080-exec-7] org.apache.openejb.assembler.classic.JndiBuilder.bind Jndi(name=RDFStoreLocalBean) --> Ejb(deployment-id=RDFStore)
12-Jan-2020 01:14:12.015 INFOS [http-nio-8080-exec-7] org.apache.openejb.assembler.classic.JndiBuilder.bind Jndi(name=global/SempicJPA/RDFStore!fr.uga.miashs.sempic.rdf.RDFStore) --> Ejb(deployment-id=RDFStore)
12-Jan-2020 01:14:12.015 INFOS [http-nio-8080-exec-7] org.apache.openejb.assembler.classic.JndiBuilder.bind Jndi(name=global/SempicJPA/RDFStore) --> Ejb(deployment-id=RDFStore)
12-Jan-2020 01:14:12.015 INFOS [http-nio-8080-exec-7] org.apache.openejb.assembler.classic.JndiBuilder.bind Jndi(name=SempicUserFacadeLocalBean) --> Ejb(deployment-id=SempicUserFacade)
12-Jan-2020 01:14:12.015 INFOS [http-nio-8080-exec-7] org.apache.openejb.assembler.classic.JndiBuilder.bind Jndi(name=global/SempicJPA/SempicUserFacade!fr.uga.miashs.sempic.dao.SempicUserFacade) --> Ejb(deployment-id=SempicUserFacade)
12-Jan-2020 01:14:12.016 INFOS [http-nio-8080-exec-7] org.apache.openejb.assembler.classic.JndiBuilder.bind Jndi(name=global/SempicJPA/SempicUserFacade) --> Ejb(deployment-id=SempicUserFacade)
12-Jan-2020 01:14:12.065 INFOS [http-nio-8080-exec-7] org.apache.openejb.cdi.CdiBuilder.initSingleton Existing thread singleton service in SystemInstance(): org.apache.openejb.cdi.ThreadSingletonServiceImpl@4ac3c60d
12-Jan-2020 01:14:12.153 INFOS [http-nio-8080-exec-7] org.apache.openejb.cdi.OpenEJBLifecycle.startApplication OpenWebBeans Container is starting...
12-Jan-2020 01:14:12.161 INFOS [http-nio-8080-exec-7] org.apache.webbeans.plugins.PluginLoader.startUp Adding OpenWebBeansPlugin : [CdiPlugin]
12-Jan-2020 01:14:12.168 INFOS [http-nio-8080-exec-7] org.apache.openejb.cdi.CdiScanner.handleBda Using annotated mode for file:/media/benjamin/2256F9B356F98835/Priv%C3%A9/Facult%C3%A9/MIASHS_S3/JavaEE/NetBeansProjects%202.0/JEE-WS-Project/SempicAuth/target/SempicJPA-1.1/WEB-INF/classes/ looking all classes to find CDI beans, maybe think to add a beans.xml if not there or add the jar to exclusions.list
12-Jan-2020 01:14:12.189 INFOS [http-nio-8080-exec-7] org.apache.openejb.cdi.CdiScanner.handleBda Using annotated mode for file:/media/benjamin/2256F9B356F98835/Priv%C3%A9/Facult%C3%A9/MIASHS_S3/JavaEE/NetBeansProjects%202.0/JEE-WS-Project/SempicAuth/target/SempicJPA-1.1/WEB-INF/lib/SempicRDF-1.1-SNAPSHOT.jar looking all classes to find CDI beans, maybe think to add a beans.xml if not there or add the jar to exclusions.list
12-Jan-2020 01:14:12.733 INFOS [http-nio-8080-exec-7] org.apache.webbeans.config.BeansDeployer.validateInjectionPoints All injection points were validated successfully.
12-Jan-2020 01:14:12.738 INFOS [http-nio-8080-exec-7] org.apache.openejb.cdi.OpenEJBLifecycle.startApplication OpenWebBeans Container has started, it took 585 ms.
12-Jan-2020 01:14:12.751 INFOS [http-nio-8080-exec-7] org.apache.openejb.assembler.classic.Assembler.startEjbs Created Ejb(deployment-id=GroupFacade, ejb-name=GroupFacade, container=Default Stateless Container)
12-Jan-2020 01:14:12.753 INFOS [http-nio-8080-exec-7] org.apache.openejb.assembler.classic.Assembler.startEjbs Created Ejb(deployment-id=SempicUserFacade, ejb-name=SempicUserFacade, container=Default Stateless Container)
12-Jan-2020 01:14:12.753 INFOS [http-nio-8080-exec-7] org.apache.openejb.assembler.classic.Assembler.startEjbs Created Ejb(deployment-id=RDFStore, ejb-name=RDFStore, container=Default Stateless Container)
12-Jan-2020 01:14:12.755 INFOS [http-nio-8080-exec-7] org.apache.openejb.assembler.classic.Assembler.startEjbs Created Ejb(deployment-id=ApplicationConfig, ejb-name=ApplicationConfig, container=Default Singleton Container)
12-Jan-2020 01:14:12.765 INFOS [http-nio-8080-exec-7] org.apache.openejb.assembler.classic.Assembler.startEjbs Started Ejb(deployment-id=GroupFacade, ejb-name=GroupFacade, container=Default Stateless Container)
12-Jan-2020 01:14:12.767 INFOS [http-nio-8080-exec-7] org.apache.openejb.assembler.classic.Assembler.startEjbs Started Ejb(deployment-id=SempicUserFacade, ejb-name=SempicUserFacade, container=Default Stateless Container)
12-Jan-2020 01:14:12.770 INFOS [http-nio-8080-exec-7] org.apache.openejb.assembler.classic.Assembler.startEjbs Started Ejb(deployment-id=RDFStore, ejb-name=RDFStore, container=Default Stateless Container)
12-Jan-2020 01:14:25.089 INFOS [http-nio-8080-exec-7] org.apache.openejb.assembler.classic.ReloadableEntityManagerFactory.createDelegate PersistenceUnit(name=SempicPU, provider=org.hibernate.jpa.HibernatePersistenceProvider) - provider time 12278ms
12-Jan-2020 01:14:25.918 AVERTISSEMENT [http-nio-8080-exec-7] fr.uga.miashs.sempic.ApplicationConfig.init Admin already exists
12-Jan-2020 01:14:25.932 INFOS [http-nio-8080-exec-7] org.apache.openejb.assembler.classic.Assembler.startEjbs Started Ejb(deployment-id=ApplicationConfig, ejb-name=ApplicationConfig, container=Default Singleton Container)
12-Jan-2020 01:14:25.933 INFOS [http-nio-8080-exec-7] org.apache.tomee.catalina.TomcatWebAppBuilder.deployWebApps using context file /media/benjamin/2256F9B356F98835/Privé/Faculté/MIASHS_S3/JavaEE/NetBeansProjects 2.0/JEE-WS-Project/SempicAuth/target/SempicJPA-1.1/META-INF/context.xml
12-Jan-2020 01:14:25.934 INFOS [http-nio-8080-exec-7] org.apache.openejb.assembler.classic.Assembler.createApplication Deployed Application(path=/media/benjamin/2256F9B356F98835/Privé/Faculté/MIASHS_S3/JavaEE/NetBeansProjects 2.0/JEE-WS-Project/SempicAuth/target/SempicJPA-1.1)
12-Jan-2020 01:14:26.117 AVERTISSEMENT [http-nio-8080-exec-7] org.apache.catalina.startup.ContextConfig.validateSecurityRoles Le nom de rôle de sécurité [USER] est utilisé dans un <auth-constraint> sans avoir été défini dans <security-role>
12-Jan-2020 01:14:26.117 AVERTISSEMENT [http-nio-8080-exec-7] org.apache.catalina.startup.ContextConfig.validateSecurityRoles Le nom de rôle de sécurité [ADMIN] est utilisé dans un <auth-constraint> sans avoir été défini dans <security-role>
12-Jan-2020 01:14:26.119 INFOS [http-nio-8080-exec-7] org.glassfish.soteria.servlet.SamRegistrationInstaller.onStartup Initializing Soteria 1.0.1 for context '/SempicJPA'
12-Jan-2020 01:14:26.207 INFOS [http-nio-8080-exec-7] org.apache.jasper.servlet.TldScanner.scanJars Au moins un fichier JAR a été analysé pour trouver des TLDs mais il n'en contenait pas, le mode "debug" du journal peut être activé pour obtenir une liste complète de JAR scannés sans succès; éviter d'analyser des JARs inutilement peut améliorer sensiblement le temps de démarrage et le temps de compilation des JSPs
12-Jan-2020 01:14:26.220 INFOS [http-nio-8080-exec-7] com.sun.faces.config.ConfigureListener.contextInitialized Initialisation de Mojarra 2.3.3 ( 20171008-2230 673408fa9199477d87f44521ff873d709128c88b) pour le contexte «/SempicJPA»
12-Jan-2020 01:14:27.124 AVERTISSEMENT [http-nio-8080-exec-7] com.sun.faces.config.processor.NavigationConfigProcessor.addNavigationRules JSF1057 : La ressource référencée par from-view-id, «create-group.xhtml», ne commence pas par ’’/’’.  Ce caractère sera ajouté pour vous, mais l’erreur doit être corrigée. 
12-Jan-2020 01:14:27.348 INFOS [http-nio-8080-exec-7] com.sun.faces.config.ConfigureListener$WebConfigResourceMonitor$Monitor.<init> Monitoring file:/media/benjamin/2256F9B356F98835/Privé/Faculté/MIASHS_S3/JavaEE/NetBeansProjects%202.0/JEE-WS-Project/SempicAuth/target/SempicJPA-1.1/WEB-INF/faces-config.xml for modifications
12-Jan-2020 01:14:27.516 AVERTISSEMENT [http-nio-8080-exec-7] fr.uga.miashs.sempic.restservice.RestApplication.getClasses org.glassfish.jersey.moxy.json.MoxyJsonFeature not available
12-Jan-2020 01:14:27.687 INFOS [http-nio-8080-exec-7] org.apache.openejb.server.cxf.rs.CxfRsHttpListener.deployApplication Using readers:
12-Jan-2020 01:14:27.687 INFOS [http-nio-8080-exec-7] org.apache.openejb.server.cxf.rs.CxfRsHttpListener.deployApplication      org.apache.cxf.jaxrs.provider.PrimitiveTextProvider@4fee4555
12-Jan-2020 01:14:27.688 INFOS [http-nio-8080-exec-7] org.apache.openejb.server.cxf.rs.CxfRsHttpListener.deployApplication      org.apache.cxf.jaxrs.provider.FormEncodingProvider@4557524c
12-Jan-2020 01:14:27.688 INFOS [http-nio-8080-exec-7] org.apache.openejb.server.cxf.rs.CxfRsHttpListener.deployApplication      org.apache.cxf.jaxrs.provider.MultipartProvider@74de9d28
12-Jan-2020 01:14:27.688 INFOS [http-nio-8080-exec-7] org.apache.openejb.server.cxf.rs.CxfRsHttpListener.deployApplication      org.apache.cxf.jaxrs.provider.SourceProvider@80cb646
12-Jan-2020 01:14:27.688 INFOS [http-nio-8080-exec-7] org.apache.openejb.server.cxf.rs.CxfRsHttpListener.deployApplication      org.apache.cxf.jaxrs.provider.JAXBElementTypedProvider@2d23e101
12-Jan-2020 01:14:27.688 INFOS [http-nio-8080-exec-7] org.apache.openejb.server.cxf.rs.CxfRsHttpListener.deployApplication      org.apache.cxf.jaxrs.provider.JAXBElementProvider@529913db
12-Jan-2020 01:14:27.688 INFOS [http-nio-8080-exec-7] org.apache.openejb.server.cxf.rs.CxfRsHttpListener.deployApplication      org.apache.openejb.server.cxf.rs.johnzon.TomEEJsonbProvider@c7a812b
12-Jan-2020 01:14:27.688 INFOS [http-nio-8080-exec-7] org.apache.openejb.server.cxf.rs.CxfRsHttpListener.deployApplication      org.apache.openejb.server.cxf.rs.johnzon.TomEEJsonpProvider@20b2cad
12-Jan-2020 01:14:27.688 INFOS [http-nio-8080-exec-7] org.apache.openejb.server.cxf.rs.CxfRsHttpListener.deployApplication      org.eclipse.persistence.jaxb.rs.MOXyJsonProvider@1b8da4df
12-Jan-2020 01:14:27.688 INFOS [http-nio-8080-exec-7] org.apache.openejb.server.cxf.rs.CxfRsHttpListener.deployApplication      org.apache.cxf.jaxrs.provider.StringTextProvider@7728e169
12-Jan-2020 01:14:27.688 INFOS [http-nio-8080-exec-7] org.apache.openejb.server.cxf.rs.CxfRsHttpListener.deployApplication      org.apache.cxf.jaxrs.provider.BinaryDataProvider@539046d9
12-Jan-2020 01:14:27.689 INFOS [http-nio-8080-exec-7] org.apache.openejb.server.cxf.rs.CxfRsHttpListener.deployApplication      org.apache.cxf.jaxrs.provider.DataSourceProvider@6ee97513
12-Jan-2020 01:14:27.689 INFOS [http-nio-8080-exec-7] org.apache.openejb.server.cxf.rs.CxfRsHttpListener.deployApplication Using writers:
12-Jan-2020 01:14:27.689 INFOS [http-nio-8080-exec-7] org.apache.openejb.server.cxf.rs.CxfRsHttpListener.deployApplication      org.apache.johnzon.jaxrs.WadlDocumentMessageBodyWriter@355c5227
12-Jan-2020 01:14:27.689 INFOS [http-nio-8080-exec-7] org.apache.openejb.server.cxf.rs.CxfRsHttpListener.deployApplication      org.apache.cxf.jaxrs.nio.NioMessageBodyWriter@54fce4c
12-Jan-2020 01:14:27.689 INFOS [http-nio-8080-exec-7] org.apache.openejb.server.cxf.rs.CxfRsHttpListener.deployApplication      org.apache.cxf.jaxrs.provider.StringTextProvider@7728e169
12-Jan-2020 01:14:27.689 INFOS [http-nio-8080-exec-7] org.apache.openejb.server.cxf.rs.CxfRsHttpListener.deployApplication      org.apache.cxf.jaxrs.provider.JAXBElementTypedProvider@2d23e101
12-Jan-2020 01:14:27.689 INFOS [http-nio-8080-exec-7] org.apache.openejb.server.cxf.rs.CxfRsHttpListener.deployApplication      org.apache.cxf.jaxrs.provider.PrimitiveTextProvider@4fee4555
12-Jan-2020 01:14:27.690 INFOS [http-nio-8080-exec-7] org.apache.openejb.server.cxf.rs.CxfRsHttpListener.deployApplication      org.apache.cxf.jaxrs.provider.FormEncodingProvider@4557524c
12-Jan-2020 01:14:27.690 INFOS [http-nio-8080-exec-7] org.apache.openejb.server.cxf.rs.CxfRsHttpListener.deployApplication      org.apache.cxf.jaxrs.provider.MultipartProvider@74de9d28
12-Jan-2020 01:14:27.690 INFOS [http-nio-8080-exec-7] org.apache.openejb.server.cxf.rs.CxfRsHttpListener.deployApplication      org.apache.cxf.jaxrs.provider.SourceProvider@80cb646
12-Jan-2020 01:14:27.690 INFOS [http-nio-8080-exec-7] org.apache.openejb.server.cxf.rs.CxfRsHttpListener.deployApplication      org.apache.cxf.jaxrs.provider.JAXBElementProvider@529913db
12-Jan-2020 01:14:27.690 INFOS [http-nio-8080-exec-7] org.apache.openejb.server.cxf.rs.CxfRsHttpListener.deployApplication      org.eclipse.persistence.jaxb.rs.MOXyJsonProvider@1b8da4df
12-Jan-2020 01:14:27.690 INFOS [http-nio-8080-exec-7] org.apache.openejb.server.cxf.rs.CxfRsHttpListener.deployApplication      org.apache.openejb.server.cxf.rs.johnzon.TomEEJsonbProvider@c7a812b
12-Jan-2020 01:14:27.690 INFOS [http-nio-8080-exec-7] org.apache.openejb.server.cxf.rs.CxfRsHttpListener.deployApplication      org.apache.openejb.server.cxf.rs.johnzon.TomEEJsonpProvider@20b2cad
12-Jan-2020 01:14:27.690 INFOS [http-nio-8080-exec-7] org.apache.openejb.server.cxf.rs.CxfRsHttpListener.deployApplication      org.apache.cxf.jaxrs.provider.BinaryDataProvider@539046d9
12-Jan-2020 01:14:27.690 INFOS [http-nio-8080-exec-7] org.apache.openejb.server.cxf.rs.CxfRsHttpListener.deployApplication      org.apache.cxf.jaxrs.provider.DataSourceProvider@6ee97513
12-Jan-2020 01:14:27.691 INFOS [http-nio-8080-exec-7] org.apache.openejb.server.cxf.rs.CxfRsHttpListener.deployApplication Using exception mappers:
12-Jan-2020 01:14:27.691 INFOS [http-nio-8080-exec-7] org.apache.openejb.server.cxf.rs.CxfRsHttpListener.deployApplication      org.apache.cxf.jaxrs.impl.WebApplicationExceptionMapper@4b52eba2
12-Jan-2020 01:14:27.691 INFOS [http-nio-8080-exec-7] org.apache.openejb.server.cxf.rs.CxfRsHttpListener.deployApplication      org.apache.openejb.server.cxf.rs.EJBExceptionMapper@3c2e30dd
12-Jan-2020 01:14:27.691 INFOS [http-nio-8080-exec-7] org.apache.openejb.server.cxf.rs.CxfRsHttpListener.deployApplication      org.apache.cxf.jaxrs.validation.ValidationExceptionMapper@62b84241
12-Jan-2020 01:14:27.693 INFOS [http-nio-8080-exec-7] org.apache.openejb.server.cxf.rs.CxfRsHttpListener.logEndpoints REST Application: http://localhost:8080/SempicJPA/webapi            -> fr.uga.miashs.sempic.restservice.RestApplication@67e78cb4
12-Jan-2020 01:14:27.695 INFOS [http-nio-8080-exec-7] org.apache.openejb.server.cxf.rs.CxfRsHttpListener.logEndpoints      Service URI: http://localhost:8080/SempicJPA/webapi            -> Pojo fr.uga.miashs.sempic.restservice.SempicUserService
12-Jan-2020 01:14:27.695 INFOS [http-nio-8080-exec-7] org.apache.openejb.server.cxf.rs.CxfRsHttpListener.logEndpoints               GET http://localhost:8080/SempicJPA/webapi/users      ->      List<SempicUser> listAll()                                      
12-Jan-2020 01:14:27.695 INFOS [http-nio-8080-exec-7] org.apache.openejb.server.cxf.rs.CxfRsHttpListener.logEndpoints               GET http://localhost:8080/SempicJPA/webapi/users/{id} ->      SempicUser get(long)                                            
12-Jan-2020 01:14:27.696 INFOS [http-nio-8080-exec-7] org.apache.openejb.server.cxf.rs.CxfRsHttpListener.logEndpoints              POST http://localhost:8080/SempicJPA/webapi/users      ->      Response create(SempicUser, UriInfo) throws SempicModelException
12-Jan-2020 01:14:27.710 INFOS [http-nio-8080-exec-7] sun.reflect.DelegatingMethodAccessorImpl.invoke Le traitement du descripteur de déploiement [/media/benjamin/2256F9B356F98835/Privé/Faculté/MIASHS_S3/JavaEE/NetBeansProjects 2.0/JEE-WS-Project/apache-tomee-plume-8.0.0/conf/Catalina/localhost/SempicJPA.xml] a pris [20 790] ms
12-Jan-2020 01:14:27.714 INFOS [http-nio-8080-exec-8] sun.reflect.DelegatingMethodAccessorImpl.invoke La méthode start() a été appelée sur le composant [StandardEngine[Catalina].StandardHost[localhost].StandardContext[/SempicJPA]] après que start() ait déjà été appelé, le deuxième appel sera ignoré
